<?xml version="1.0" encoding="UTF-8"?>
<!-- Generated by org.testng.reporters.JUnitReportReporter -->
<testsuite hostname="DESKTOP-O93RNBS" failures="0" tests="1" name="test.CourseTest" time="0.025" errors="0" timestamp="01 апр. 2020 15:42:57 GMT" skipped="0">
  <testcase classname="test.CourseTest" name="getByProf" time="0.025"/>
</testsuite> <!-- test.CourseTest -->
