<?xml version="1.0" encoding="UTF-8"?>
<!-- Generated by org.testng.reporters.JUnitReportReporter -->
<testsuite hostname="DESKTOP-O93RNBS" failures="0" tests="6" name="test.AdminTest" time="2.436" errors="0" timestamp="01 апр. 2020 15:42:57 GMT" skipped="0">
  <testcase classname="test.AdminTest" name="getByLogin" time="0.007"/>
  <testcase classname="test.AdminTest" name="getById" time="2.404"/>
  <testcase classname="test.AdminTest" name="insert" time="0.015"/>
  <testcase classname="test.AdminTest" name="getall" time="0.002"/>
  <testcase classname="test.AdminTest" name="update" time="0.005"/>
  <testcase classname="test.AdminTest" name="delete" time="0.003"/>
</testsuite> <!-- test.AdminTest -->
