<?xml version="1.0" encoding="UTF-8"?>
<!-- Generated by org.testng.reporters.JUnitReportReporter -->
<testsuite hostname="DESKTOP-O93RNBS" failures="0" tests="2" name="test.LessonTest" time="0.023" errors="0" timestamp="01 апр. 2020 15:42:57 GMT" skipped="0">
  <testcase classname="test.LessonTest" name="getByTime" time="0.009"/>
  <testcase classname="test.LessonTest" name="getByCourse" time="0.014"/>
</testsuite> <!-- test.LessonTest -->
