<?xml version="1.0" encoding="UTF-8"?>
<!-- Generated by org.testng.reporters.JUnitReportReporter -->
<testsuite hostname="DESKTOP-O93RNBS" failures="0" tests="2" name="test.StdLessTest" time="0.034" errors="0" timestamp="01 апр. 2020 15:42:57 GMT" skipped="0">
  <testcase classname="test.StdLessTest" name="testHystory" time="0.022"/>
  <testcase classname="test.StdLessTest" name="getByStudent" time="0.012"/>
</testsuite> <!-- test.StdLessTest -->
